CNN-Transformer Fusion Training
============================================================
Fusion: agfm | GPU: NVIDIA GeForce RTX 3090
Train: 367 | Val: 101
Warning: You are sending unauthenticated requests to the HF Hub. Please set a HF_TOKEN to enable higher rate limits and faster downloads.
Loading weights:   0%|          | 0/364 [00:00<?, ?it/s]Loading weights: 100%|██████████| 364/364 [00:00<00:00, 34924.55it/s]
[transformers] [1mSegformerModel LOAD REPORT[0m from: nvidia/segformer-b2-finetuned-ade-512-512
Key                                           | Status     |  | 
----------------------------------------------+------------+--+-
decode_head.linear_c.{0, 1, 2, 3}.proj.weight | UNEXPECTED |  | 
decode_head.batch_norm.weight                 | UNEXPECTED |  | 
decode_head.linear_c.{0, 1, 2, 3}.proj.bias   | UNEXPECTED |  | 
decode_head.batch_norm.num_batches_tracked    | UNEXPECTED |  | 
decode_head.batch_norm.bias                   | UNEXPECTED |  | 
decode_head.batch_norm.running_mean           | UNEXPECTED |  | 
decode_head.classifier.bias                   | UNEXPECTED |  | 
decode_head.linear_fuse.weight                | UNEXPECTED |  | 
decode_head.batch_norm.running_var            | UNEXPECTED |  | 
decode_head.classifier.weight                 | UNEXPECTED |  | 

Notes:
- UNEXPECTED:	can be ignored when loading from different task/architecture; not ok if you expect identical arch.
Params: 46.1M total, 46.1M trainable

Epoch  TrainLoss  ValLoss    mIoU      PA     LR     Time
-----------------------------------------------------------------
    1     1.5259    1.2876   43.31%   85.45%  3.00e-04    9.6s
         -> best mIoU: 43.31% [saved]
    2     1.0499    1.1356   48.41%   87.07%  3.00e-04    6.1s
         -> best mIoU: 48.41% [saved]
    3     0.8524    0.7774   60.41%   91.28%  2.99e-04    6.3s
         -> best mIoU: 60.41% [saved]
    4     0.7201    0.6784   64.85%   92.47%  2.99e-04    6.0s
         -> best mIoU: 64.85% [saved]
    5     0.6318    0.6078   68.37%   93.08%  2.98e-04    6.1s
         -> best mIoU: 68.37% [saved]
    6     0.5371    0.5514   68.89%   94.02%  2.97e-04    6.1s
         -> best mIoU: 68.89% [saved]
    7     0.4888    0.5076   71.99%   94.38%  2.96e-04    6.1s
         -> best mIoU: 71.99% [saved]
    8     0.4594    0.5253   71.49%   94.32%  2.95e-04    6.1s
    9     0.4371    0.6282   69.99%   93.07%  2.94e-04    6.3s
   10     0.4261    0.5172   71.76%   94.13%  2.93e-04    6.3s
   11     0.3775    0.6360   67.19%   93.55%  2.91e-04    6.1s
   12     0.3686    0.4650   73.37%   94.88%  2.89e-04    6.2s
         -> best mIoU: 73.37% [saved]
   13     0.3559    0.4718   73.82%   94.66%  2.88e-04    6.3s
         -> best mIoU: 73.82% [saved]
   14     0.3393    0.4762   73.35%   94.48%  2.86e-04    6.2s
   15     0.3603    0.4686   74.20%   94.69%  2.84e-04    6.3s
         -> best mIoU: 74.20% [saved]
   16     0.3376    0.4693   73.23%   94.87%  2.81e-04    6.3s
   17     0.3313    0.4640   74.31%   94.87%  2.79e-04    6.3s
         -> best mIoU: 74.31% [saved]
   18     0.3376    0.4822   73.88%   94.60%  2.77e-04    6.4s
   19     0.3093    0.4833   73.67%   94.88%  2.74e-04    6.3s
   20     0.3022    0.4546   75.02%   94.92%  2.71e-04    6.2s
         -> best mIoU: 75.02% [saved]
   21     0.2834    0.4160   76.60%   95.26%  2.69e-04    6.2s
         -> best mIoU: 76.60% [saved]
   22     0.2712    0.4255   75.97%   95.41%  2.66e-04    6.3s
   23     0.2619    0.4252   76.07%   95.39%  2.63e-04    6.3s
   24     0.2595    0.4623   73.44%   95.03%  2.59e-04    6.2s
   25     0.2588    0.4151   77.10%   95.37%  2.56e-04    6.1s
         -> best mIoU: 77.10% [saved]
   26     0.2477    0.4330   75.51%   95.32%  2.53e-04    6.2s
   27     0.2429    0.4545   75.25%   94.92%  2.49e-04    6.3s
   28     0.2379    0.4212   76.94%   95.53%  2.46e-04    6.3s
   29     0.2276    0.4284   76.59%   95.25%  2.42e-04    6.3s
   30     0.2331    0.4395   75.80%   95.38%  2.38e-04    6.2s
   31     0.2275    0.4458   75.64%   95.18%  2.34e-04    6.3s
   32     0.2210    0.5048   72.07%   94.66%  2.30e-04    6.1s
   33     0.2127    0.4374   76.68%   95.35%  2.26e-04    6.2s
   34     0.2142    0.4223   77.47%   95.47%  2.22e-04    6.3s
         -> best mIoU: 77.47% [saved]
   35     0.2103    0.4287   76.34%   95.40%  2.18e-04    6.2s
   36     0.2076    0.4389   76.74%   95.37%  2.14e-04    6.2s
   37     0.2012    0.4276   77.22%   95.49%  2.10e-04    6.3s
   38     0.2014    0.4446   76.59%   95.39%  2.05e-04    6.2s
   39     0.2051    0.4584   75.62%   95.02%  2.01e-04    6.3s
   40     0.2032    0.4639   75.72%   95.19%  1.96e-04    6.2s
   41     0.2055    0.4285   77.27%   95.33%  1.92e-04    6.4s
   42     0.1996    0.4322   77.32%   95.44%  1.87e-04    6.2s
   43     0.1871    0.4419   76.09%   95.49%  1.83e-04    6.3s
   44     0.1927    0.4406   77.01%   95.46%  1.78e-04    6.3s
   45     0.1855    0.4369   77.24%   95.36%  1.74e-04    6.3s
   46     0.1839    0.4301   77.43%   95.49%  1.69e-04    6.1s
   47     0.1824    0.4389   76.86%   95.63%  1.64e-04    6.2s
   48     0.2071    0.5123   73.24%   94.42%  1.59e-04    6.2s
   49     0.2078    0.4464   76.19%   95.37%  1.55e-04    6.3s
   50     0.1967    0.4985   74.74%   94.80%  1.50e-04    6.2s
   51     0.1966    0.4578   75.72%   95.41%  1.45e-04    6.2s
   52     0.1856    0.4397   76.68%   95.54%  1.41e-04    6.1s
   53     0.1806    0.4451   77.14%   95.43%  1.36e-04    6.3s
   54     0.1739    0.4215   77.95%   95.61%  1.31e-04    6.1s
         -> best mIoU: 77.95% [saved]
   55     0.1752    0.4413   77.21%   95.54%  1.27e-04    6.2s
   56     0.1706    0.4282   77.83%   95.60%  1.22e-04    6.3s
   57     0.1697    0.4382   77.28%   95.60%  1.17e-04    6.1s
   58     0.1672    0.4404   77.43%   95.50%  1.13e-04    6.2s
   59     0.1673    0.4454   77.62%   95.47%  1.08e-04    6.3s
   60     0.1657    0.4449   77.42%   95.57%  1.04e-04    6.2s
   61     0.1630    0.4646   77.28%   95.39%  9.93e-05    6.2s
   62     0.1646    0.4516   77.49%   95.45%  9.48e-05    6.2s
   63     0.1576    0.4517   77.43%   95.57%  9.05e-05    6.3s
   64     0.1689    0.4714   76.67%   95.37%  8.62e-05    6.2s
   65     0.1577    0.4526   77.35%   95.60%  8.20e-05    6.4s
   66     0.1574    0.4552   77.14%   95.51%  7.78e-05    6.3s
   67     0.1583    0.4473   77.78%   95.62%  7.37e-05    6.2s
   68     0.1541    0.4563   77.19%   95.53%  6.97e-05    6.3s
   69     0.1568    0.4438   77.74%   95.61%  6.58e-05    6.3s
   70     0.1522    0.4682   76.94%   95.44%  6.19e-05    6.2s
   71     0.1567    0.4449   77.72%   95.65%  5.81e-05    6.2s
   72     0.1546    0.4517   77.40%   95.60%  5.45e-05    6.3s
   73     0.1505    0.4574   77.46%   95.56%  5.09e-05    6.3s
   74     0.1509    0.4637   77.24%   95.49%  4.74e-05    6.3s

Early stopping at epoch 74

=================================================================
Best: fusion_agfm (epoch 54)
=================================================================
  Sky           94.22%
  Building      91.73%
  Pole          18.50%
  Road          97.36%
  Pavement      89.44%
  Tree          91.78%
  SignSymbol    60.68%
  Fence         77.03%
  Car           88.14%
  Pedestrian    64.93%
  Bicyclist     83.60%
  mIoU          77.95%
  Pixel Acc     95.61%
  FPS          67.2
  Params       46.1M

Done.
