CNN-Trans Fusion v2 | agfm | GPU NVIDIA GeForce RTX 3090
Train: 367 | Val: 101
Warning: You are sending unauthenticated requests to the HF Hub. Please set a HF_TOKEN to enable higher rate limits and faster downloads.
Loading weights:   0%|          | 0/364 [00:00<?, ?it/s]Loading weights: 100%|██████████| 364/364 [00:00<00:00, 34733.07it/s]
[transformers] [1mSegformerModel LOAD REPORT[0m from: nvidia/segformer-b2-finetuned-ade-512-512
Key                                           | Status     |  | 
----------------------------------------------+------------+--+-
decode_head.linear_c.{0, 1, 2, 3}.proj.bias   | UNEXPECTED |  | 
decode_head.classifier.weight                 | UNEXPECTED |  | 
decode_head.batch_norm.weight                 | UNEXPECTED |  | 
decode_head.batch_norm.running_var            | UNEXPECTED |  | 
decode_head.linear_c.{0, 1, 2, 3}.proj.weight | UNEXPECTED |  | 
decode_head.batch_norm.bias                   | UNEXPECTED |  | 
decode_head.batch_norm.running_mean           | UNEXPECTED |  | 
decode_head.linear_fuse.weight                | UNEXPECTED |  | 
decode_head.classifier.bias                   | UNEXPECTED |  | 
decode_head.batch_norm.num_batches_tracked    | UNEXPECTED |  | 

Notes:
- UNEXPECTED:	can be ignored when loading from different task/architecture; not ok if you expect identical arch.
Params: 46.8M (46.8M trainable)

Epoch  TrainLoss  ValLoss    mIoU      PA     LR     Time
-----------------------------------------------------------------
    1     1.7977    1.2621   45.51%   88.67%  6.00e-05   13.0s
         -> best mIoU: 45.51% [saved]
    2     1.1689    1.0623   58.35%   91.89%  5.99e-05    8.6s
         -> best mIoU: 58.35% [saved]
    3     1.0062    0.9022   67.10%   93.43%  5.99e-05    8.7s
         -> best mIoU: 67.10% [saved]
    4     0.8870    0.8006   69.12%   94.01%  5.98e-05    8.6s
         -> best mIoU: 69.12% [saved]
    5     0.8177    0.7247   71.07%   94.60%  5.96e-05    8.7s
         -> best mIoU: 71.07% [saved]
    6     0.7423    0.6637   72.45%   94.76%  5.95e-05    8.7s
         -> best mIoU: 72.45% [saved]
    7     0.6802    0.6645   71.54%   94.28%  5.93e-05    8.7s
    8     0.6357    0.6033   72.95%   94.97%  5.91e-05    8.7s
         -> best mIoU: 72.95% [saved]
    9     0.6005    0.5687   73.12%   95.13%  5.88e-05    8.7s
         -> best mIoU: 73.12% [saved]
   10     0.5634    0.5387   73.84%   95.33%  5.85e-05    8.7s
         -> best mIoU: 73.84% [saved]
   11     0.5281    0.5196   74.96%   95.33%  5.82e-05    8.9s
         -> best mIoU: 74.96% [saved]
   12     0.5009    0.4953   75.86%   95.55%  5.79e-05    8.7s
         -> best mIoU: 75.86% [saved]
   13     0.4698    0.4723   76.52%   95.49%  5.75e-05    8.7s
         -> best mIoU: 76.52% [saved]
   14     0.4565    0.4679   76.77%   95.49%  5.71e-05    8.7s
         -> best mIoU: 76.77% [saved]
   15     0.4300    0.4449   77.23%   95.66%  5.67e-05    8.7s
         -> best mIoU: 77.23% [saved]
   16     0.4127    0.4453   77.54%   95.69%  5.63e-05    8.7s
         -> best mIoU: 77.54% [saved]
   17     0.3888    0.4308   77.65%   95.78%  5.58e-05    8.8s
         -> best mIoU: 77.65% [saved]
   18     0.3853    0.4208   77.88%   95.72%  5.53e-05    8.7s
         -> best mIoU: 77.88% [saved]
   19     0.3702    0.4066   78.69%   95.86%  5.48e-05    8.8s
         -> best mIoU: 78.69% [saved]
   20     0.3533    0.4215   77.44%   95.77%  5.43e-05    8.7s
   21     0.3459    0.4054   78.17%   95.91%  5.37e-05    8.8s
   22     0.3338    0.3955   78.45%   95.92%  5.31e-05    8.8s
   23     0.3298    0.3995   78.38%   95.82%  5.25e-05    8.7s
   24     0.3167    0.3992   78.48%   95.83%  5.19e-05    8.7s
   25     0.3105    0.4039   77.53%   95.77%  5.12e-05    8.7s
   26     0.3017    0.3855   78.87%   95.89%  5.06e-05    8.6s
         -> best mIoU: 78.87% [saved]
   27     0.2939    0.3812   78.88%   96.01%  4.99e-05    8.5s
         -> best mIoU: 78.88% [saved]
   28     0.2881    0.3885   78.68%   95.97%  4.91e-05    8.6s
   29     0.2820    0.3791   78.95%   95.91%  4.84e-05    8.6s
         -> best mIoU: 78.95% [saved]
   30     0.2863    0.3937   78.68%   95.86%  4.77e-05    8.6s
   31     0.2736    0.3852   78.80%   95.82%  4.69e-05    8.7s
   32     0.2684    0.3658   79.45%   96.05%  4.61e-05    8.9s
         -> best mIoU: 79.45% [saved]
   33     0.2632    0.3787   79.08%   96.01%  4.53e-05    8.7s
   34     0.2633    0.3532   80.06%   96.21%  4.45e-05    8.7s
         -> best mIoU: 80.06% [saved]
   35     0.2587    0.3669   79.28%   96.03%  4.36e-05    8.7s
   36     0.2467    0.3636   79.80%   96.15%  4.28e-05    8.7s
   37     0.2484    0.3734   78.95%   96.03%  4.19e-05    8.6s
   38     0.2481    0.3660   79.22%   96.08%  4.11e-05    8.7s
   39     0.2395    0.3666   79.50%   96.02%  4.02e-05    8.6s
   40     0.2372    0.3622   79.90%   96.03%  3.93e-05    8.7s
   41     0.2351    0.3617   79.62%   96.10%  3.84e-05    8.8s
   42     0.2308    0.3710   79.10%   96.06%  3.75e-05    8.7s
   43     0.2311    0.3704   79.47%   95.99%  3.66e-05    8.8s
   44     0.2282    0.3666   79.43%   96.05%  3.57e-05    8.8s
   45     0.2201    0.3634   79.52%   96.07%  3.47e-05    8.7s
   46     0.2238    0.3672   79.66%   96.08%  3.38e-05    8.8s
   47     0.2221    0.3643   79.94%   95.99%  3.29e-05    8.7s
   48     0.2182    0.3641   79.52%   96.17%  3.19e-05    8.7s
   49     0.2185    0.3554   80.16%   96.12%  3.10e-05    8.7s
         -> best mIoU: 80.16% [saved]
   50     0.2146    0.3646   79.80%   96.08%  3.01e-05    8.7s
   51     0.2100    0.3506   80.33%   96.17%  2.91e-05    8.8s
         -> best mIoU: 80.33% [saved]
   52     0.2080    0.3645   79.88%   96.09%  2.82e-05    8.7s
   53     0.2135    0.3539   80.35%   96.14%  2.72e-05    8.9s
         -> best mIoU: 80.35% [saved]
   54     0.2102    0.3622   80.02%   96.13%  2.63e-05    8.8s
   55     0.2042    0.3668   79.62%   96.12%  2.54e-05    8.7s
   56     0.2015    0.3577   80.21%   96.11%  2.44e-05    8.8s
   57     0.2069    0.3623   80.06%   96.03%  2.35e-05    8.8s
   58     0.1991    0.3618   79.94%   96.08%  2.26e-05    8.8s
   59     0.1986    0.3636   80.04%   96.06%  2.17e-05    8.8s
   60     0.1972    0.3678   79.81%   96.03%  2.08e-05    8.7s
   61     0.1968    0.3652   79.74%   96.09%  1.99e-05    8.8s
   62     0.1970    0.3631   79.94%   96.07%  1.90e-05    8.9s
   63     0.1956    0.3667   79.69%   96.04%  1.82e-05    8.8s
   64     0.1905    0.3665   79.80%   96.04%  1.73e-05    8.7s
   65     0.1916    0.3661   79.88%   96.03%  1.65e-05    8.7s
   66     0.1910    0.3707   79.41%   96.02%  1.56e-05    8.6s
   67     0.1969    0.3694   79.75%   95.99%  1.48e-05    8.6s
   68     0.1861    0.3688   79.79%   96.02%  1.40e-05    8.7s
   69     0.1863    0.3726   79.71%   95.99%  1.32e-05    8.6s
   70     0.1913    0.3692   79.72%   96.05%  1.24e-05    8.6s
   71     0.1859    0.3647   80.00%   96.02%  1.17e-05    8.7s
   72     0.1869    0.3710   79.66%   96.05%  1.10e-05    8.8s
   73     0.1821    0.3714   79.71%   96.07%  1.02e-05    8.8s

Early stopping at epoch 73

  TTA mIoU: 80.35% (non-TTA: 80.35%)

=================================================================
Best: fusion_v2_agfm (epoch 53)
=================================================================
  Sky           94.30%
  Building      92.93%
  Pole          24.83%
  Road          97.79%
  Pavement      90.69%
  Tree          92.89%
  SignSymbol    70.36%
  Fence         76.71%
  Car           90.31%
  Pedestrian    67.55%
  Bicyclist     85.42%
  mIoU          80.35%
  PA            96.14%
  FPS          64.8
  Params       46.8M

Done.
