CNN-Trans Fusion v2 | none_concat | GPU NVIDIA GeForce RTX 3090
Train: 367 | Val: 101
Warning: You are sending unauthenticated requests to the HF Hub. Please set a HF_TOKEN to enable higher rate limits and faster downloads.
Loading weights:   0%|          | 0/364 [00:00<?, ?it/s]Loading weights: 100%|██████████| 364/364 [00:00<00:00, 33905.41it/s]
[transformers] [1mSegformerModel LOAD REPORT[0m from: nvidia/segformer-b2-finetuned-ade-512-512
Key                                           | Status     |  | 
----------------------------------------------+------------+--+-
decode_head.linear_fuse.weight                | UNEXPECTED |  | 
decode_head.batch_norm.bias                   | UNEXPECTED |  | 
decode_head.linear_c.{0, 1, 2, 3}.proj.bias   | UNEXPECTED |  | 
decode_head.linear_c.{0, 1, 2, 3}.proj.weight | UNEXPECTED |  | 
decode_head.batch_norm.num_batches_tracked    | UNEXPECTED |  | 
decode_head.batch_norm.running_var            | UNEXPECTED |  | 
decode_head.classifier.bias                   | UNEXPECTED |  | 
decode_head.batch_norm.weight                 | UNEXPECTED |  | 
decode_head.classifier.weight                 | UNEXPECTED |  | 
decode_head.batch_norm.running_mean           | UNEXPECTED |  | 

Notes:
- UNEXPECTED:	can be ignored when loading from different task/architecture; not ok if you expect identical arch.
Params: 46.9M (46.9M trainable)

Epoch  TrainLoss  ValLoss    mIoU      PA     LR     Time
-----------------------------------------------------------------
    1     1.8231    1.2743   46.38%   89.02%  6.00e-05   11.6s
         -> best mIoU: 46.38% [saved]
    2     1.2149    1.0678   60.32%   92.08%  5.99e-05    7.8s
         -> best mIoU: 60.32% [saved]
    3     1.0429    0.9024   66.78%   93.39%  5.99e-05    7.8s
         -> best mIoU: 66.78% [saved]
    4     0.9207    0.8351   69.02%   93.60%  5.98e-05    7.8s
         -> best mIoU: 69.02% [saved]
    5     0.8382    0.7338   70.72%   94.57%  5.96e-05    7.9s
         -> best mIoU: 70.72% [saved]
    6     0.7702    0.7115   70.91%   94.32%  5.95e-05    7.9s
         -> best mIoU: 70.91% [saved]
    7     0.7106    0.6516   72.49%   94.66%  5.93e-05    7.9s
         -> best mIoU: 72.49% [saved]
    8     0.6527    0.6090   73.85%   95.00%  5.91e-05    7.8s
         -> best mIoU: 73.85% [saved]
    9     0.6184    0.5830   73.24%   94.87%  5.88e-05    7.7s
   10     0.5792    0.5507   74.74%   95.20%  5.85e-05    7.7s
         -> best mIoU: 74.74% [saved]
   11     0.5516    0.5421   74.23%   95.24%  5.82e-05    8.0s
   12     0.5205    0.5007   76.00%   95.46%  5.79e-05    7.9s
         -> best mIoU: 76.00% [saved]
   13     0.4882    0.4859   76.01%   95.45%  5.75e-05    7.9s
         -> best mIoU: 76.01% [saved]
   14     0.4663    0.4863   75.53%   95.38%  5.71e-05    7.7s
   15     0.4486    0.4619   77.13%   95.52%  5.67e-05    7.8s
         -> best mIoU: 77.13% [saved]
   16     0.4271    0.4522   77.05%   95.58%  5.63e-05    7.8s
   17     0.4089    0.4350   77.75%   95.71%  5.58e-05    7.8s
         -> best mIoU: 77.75% [saved]
   18     0.3954    0.4249   77.79%   95.84%  5.53e-05    7.8s
         -> best mIoU: 77.79% [saved]
   19     0.3885    0.4206   77.81%   95.82%  5.48e-05    7.9s
         -> best mIoU: 77.81% [saved]
   20     0.3708    0.4164   77.65%   95.83%  5.43e-05    7.8s
   21     0.3589    0.4067   78.01%   95.84%  5.37e-05    7.9s
         -> best mIoU: 78.01% [saved]
   22     0.3495    0.4124   77.64%   95.63%  5.31e-05    7.8s
   23     0.3343    0.4038   78.41%   95.80%  5.25e-05    7.8s
         -> best mIoU: 78.41% [saved]
   24     0.3315    0.3913   78.91%   95.94%  5.19e-05    7.9s
         -> best mIoU: 78.91% [saved]
   25     0.3215    0.4013   77.90%   95.79%  5.12e-05    7.9s
   26     0.3098    0.3873   78.56%   95.94%  5.06e-05    8.0s
   27     0.3055    0.3834   78.88%   95.92%  4.99e-05    7.9s
   28     0.3043    0.3807   79.13%   95.93%  4.91e-05    7.9s
         -> best mIoU: 79.13% [saved]
   29     0.2957    0.3846   78.51%   95.95%  4.84e-05    7.8s
   30     0.2842    0.3760   79.10%   96.00%  4.77e-05    8.0s
   31     0.2825    0.3793   78.66%   95.90%  4.69e-05    7.8s
   32     0.2804    0.3811   78.40%   95.99%  4.61e-05    7.7s
   33     0.2713    0.3953   78.01%   95.60%  4.53e-05    7.8s
   34     0.2789    0.3793   78.28%   95.92%  4.45e-05    7.8s
   35     0.2651    0.3874   78.20%   95.75%  4.36e-05    7.8s
   36     0.2628    0.3648   79.45%   96.01%  4.28e-05    7.8s
         -> best mIoU: 79.45% [saved]
   37     0.2581    0.3850   78.75%   95.90%  4.19e-05    7.7s
   38     0.2495    0.3748   78.71%   95.93%  4.11e-05    7.7s
   39     0.2484    0.3788   78.85%   95.90%  4.02e-05    7.9s
   40     0.2479    0.3657   79.18%   96.00%  3.93e-05    7.8s
   41     0.2428    0.3681   79.52%   95.94%  3.84e-05    7.9s
         -> best mIoU: 79.52% [saved]
   42     0.2398    0.3730   79.06%   95.98%  3.75e-05    7.8s
   43     0.2355    0.3591   79.88%   96.18%  3.66e-05    7.9s
         -> best mIoU: 79.88% [saved]
   44     0.2350    0.3680   79.17%   96.06%  3.57e-05    7.9s
   45     0.2309    0.3692   79.28%   96.09%  3.47e-05    7.9s
   46     0.2328    0.3711   79.10%   95.91%  3.38e-05    7.9s
   47     0.2330    0.3724   78.95%   96.01%  3.29e-05    7.9s
   48     0.2267    0.3657   79.47%   96.07%  3.19e-05    7.9s
   49     0.2260    0.3645   79.45%   96.11%  3.10e-05    7.9s
   50     0.2262    0.3636   79.44%   96.03%  3.01e-05    8.0s
   51     0.2288    0.3612   79.85%   96.07%  2.91e-05    7.8s
   52     0.2179    0.3614   79.79%   96.07%  2.82e-05    7.9s
   53     0.2176    0.3605   79.83%   96.06%  2.72e-05    7.8s
   54     0.2143    0.3643   79.68%   96.03%  2.63e-05    7.8s
   55     0.2117    0.3600   79.67%   96.11%  2.54e-05    7.9s
   56     0.2128    0.3719   79.28%   95.99%  2.44e-05    7.8s
   57     0.2138    0.3618   79.63%   96.14%  2.35e-05    7.9s
   58     0.2047    0.3692   79.60%   96.06%  2.26e-05    7.8s
   59     0.2052    0.3599   79.82%   96.08%  2.17e-05    7.9s
   60     0.2059    0.3647   79.68%   96.09%  2.08e-05    7.9s
   61     0.2047    0.3565   79.89%   96.12%  1.99e-05    7.9s
         -> best mIoU: 79.89% [saved]
   62     0.2029    0.3618   80.10%   96.09%  1.90e-05    7.8s
         -> best mIoU: 80.10% [saved]
   63     0.1989    0.3668   79.71%   96.07%  1.82e-05    7.8s
   64     0.2047    0.3620   79.78%   96.14%  1.73e-05    7.7s
   65     0.1971    0.3614   79.71%   96.10%  1.65e-05    7.8s
   66     0.1955    0.3654   79.70%   96.01%  1.56e-05    7.8s
   67     0.1945    0.3686   79.67%   96.04%  1.48e-05    7.8s
   68     0.1976    0.3664   79.82%   96.06%  1.40e-05    7.8s
   69     0.1975    0.3591   79.97%   96.11%  1.32e-05    7.7s
   70     0.1968    0.3677   79.61%   96.05%  1.24e-05    7.7s
   71     0.1925    0.3649   79.63%   96.07%  1.17e-05    7.8s
   72     0.1890    0.3652   79.81%   96.10%  1.10e-05    7.8s
   73     0.1920    0.3652   79.59%   96.13%  1.02e-05    7.8s
   74     0.1895    0.3638   79.68%   96.11%  9.55e-06    7.8s
   75     0.1891    0.3639   79.93%   96.11%  8.87e-06    8.0s
   76     0.1898    0.3685   79.62%   96.11%  8.22e-06    7.8s
   77     0.1854    0.3682   79.56%   96.08%  7.58e-06    7.8s
   78     0.1887    0.3723   79.52%   96.08%  6.97e-06    7.8s
   79     0.1858    0.3663   79.79%   96.07%  6.38e-06    7.9s
   80     0.1885    0.3665   79.74%   96.09%  5.82e-06    8.0s
   81     0.1848    0.3671   79.85%   96.06%  5.28e-06    7.8s
   82     0.1858    0.3654   79.78%   96.08%  4.76e-06    7.8s

Early stopping at epoch 82

=================================================================
Best: fusion_v2_none_concat (epoch 62)
=================================================================
  Sky           94.19%
  Building      92.77%
  Pole          21.50%
  Road          97.80%
  Pavement      90.22%
  Tree          92.72%
  SignSymbol    70.85%
  Fence         79.08%
  Car           89.11%
  Pedestrian    67.56%
  Bicyclist     85.27%
  mIoU          80.10%
  PA            96.09%
  FPS          64.1
  Params       46.9M

Done.
