SegFormer-B2 Training on CamVid
============================================================
GPUs: 1 x NVIDIA GeForce RTX 3090
AMP: True
Train: 367 images | Val: 101 images
Warning: You are sending unauthenticated requests to the HF Hub. Please set a HF_TOKEN to enable higher rate limits and faster downloads.
[transformers] You passed `num_labels=11` which is incompatible to the `id2label` map of length `150`.
Loading weights:   0%|          | 0/380 [00:00<?, ?it/s]Loading weights: 100%|██████████| 380/380 [00:00<00:00, 32543.20it/s]
[transformers] [1mSegformerForSemanticSegmentation LOAD REPORT[0m from: nvidia/segformer-b2-finetuned-ade-512-512
Key                           | Status   |                                                                                                      
------------------------------+----------+------------------------------------------------------------------------------------------------------
decode_head.classifier.weight | MISMATCH | Reinit due to size mismatch - ckpt: torch.Size([150, 768, 1, 1]) vs model:torch.Size([11, 768, 1, 1])
decode_head.classifier.bias   | MISMATCH | Reinit due to size mismatch - ckpt: torch.Size([150]) vs model:torch.Size([11])                      

Notes:
- MISMATCH:	ckpt weights were loaded, but they did not match the original empty weight shapes.
Model: SegFormer-B2 | Params: 27.4M

Epoch  TrainLoss  ValLoss    mIoU      PA     LR     Time
-----------------------------------------------------------------
    1     2.2565    1.5491   40.49%   86.06%  6.00e-05   10.5s
         -> best mIoU: 40.49% [saved]
    2     1.3704    1.1984   42.66%   87.39%  5.99e-05    6.8s
         -> best mIoU: 42.66% [saved]
    3     1.0760    1.0238   44.36%   88.60%  5.99e-05    7.1s
         -> best mIoU: 44.36% [saved]
    4     0.9468    0.9444   45.48%   88.96%  5.98e-05    6.9s
         -> best mIoU: 45.48% [saved]
    5     0.8767    0.8906   46.92%   89.50%  5.96e-05    6.8s
         -> best mIoU: 46.92% [saved]
    6     0.8223    0.8076   54.30%   91.34%  5.95e-05    6.8s
         -> best mIoU: 54.30% [saved]
    7     0.7523    0.7356   57.43%   91.44%  5.93e-05    6.8s
         -> best mIoU: 57.43% [saved]
    8     0.6935    0.6866   59.14%   91.74%  5.91e-05    6.8s
         -> best mIoU: 59.14% [saved]
    9     0.6511    0.6784   59.07%   91.07%  5.88e-05    6.8s
   10     0.6151    0.5899   66.59%   93.03%  5.85e-05    6.9s
         -> best mIoU: 66.59% [saved]
   11     0.5663    0.5275   68.40%   93.59%  5.82e-05    6.8s
         -> best mIoU: 68.40% [saved]
   12     0.5341    0.4899   68.83%   94.15%  5.79e-05    6.8s
         -> best mIoU: 68.83% [saved]
   13     0.5122    0.4793   70.11%   94.19%  5.75e-05    6.9s
         -> best mIoU: 70.11% [saved]
   14     0.4863    0.4776   70.68%   93.96%  5.71e-05    6.8s
         -> best mIoU: 70.68% [saved]
   15     0.4614    0.4330   72.38%   94.70%  5.67e-05    6.8s
         -> best mIoU: 72.38% [saved]
   16     0.4346    0.4391   72.42%   94.50%  5.63e-05    6.8s
         -> best mIoU: 72.42% [saved]
   17     0.4219    0.4139   73.72%   94.86%  5.58e-05    6.9s
         -> best mIoU: 73.72% [saved]
   18     0.4062    0.4291   71.64%   94.74%  5.53e-05    6.8s
   19     0.3947    0.4119   73.75%   94.73%  5.48e-05    6.9s
         -> best mIoU: 73.75% [saved]
   20     0.3816    0.4171   73.76%   94.58%  5.43e-05    6.8s
         -> best mIoU: 73.76% [saved]
   21     0.3722    0.3894   74.68%   95.01%  5.37e-05    6.8s
         -> best mIoU: 74.68% [saved]
   22     0.3605    0.3858   75.21%   95.00%  5.31e-05    6.9s
         -> best mIoU: 75.21% [saved]
   23     0.3530    0.3813   75.12%   95.30%  5.25e-05    6.8s
   24     0.3411    0.3906   74.67%   95.04%  5.19e-05    6.9s
   25     0.3394    0.3807   75.64%   95.10%  5.12e-05    6.9s
         -> best mIoU: 75.64% [saved]
   26     0.3304    0.3682   75.96%   95.39%  5.06e-05    6.9s
         -> best mIoU: 75.96% [saved]
   27     0.3240    0.3678   75.63%   95.37%  4.99e-05    6.9s
   28     0.3167    0.3679   75.66%   95.38%  4.91e-05    6.9s
   29     0.3103    0.3591   76.58%   95.35%  4.84e-05    6.9s
         -> best mIoU: 76.58% [saved]
   30     0.3065    0.3661   75.83%   95.27%  4.77e-05    6.9s
   31     0.3040    0.3567   76.41%   95.47%  4.69e-05    7.0s
   32     0.3041    0.3577   76.37%   95.33%  4.61e-05    7.0s
   33     0.2936    0.3558   76.37%   95.49%  4.53e-05    6.9s
   34     0.2969    0.3943   73.66%   94.98%  4.45e-05    7.0s
   35     0.2880    0.3579   76.09%   95.45%  4.36e-05    6.9s
   36     0.2847    0.3679   75.76%   95.24%  4.28e-05    6.9s
   37     0.2813    0.3506   76.76%   95.53%  4.19e-05    6.9s
         -> best mIoU: 76.76% [saved]
   38     0.2757    0.3553   76.41%   95.45%  4.11e-05    6.9s
   39     0.2780    0.3546   76.48%   95.52%  4.02e-05    6.8s
   40     0.2769    0.3609   76.59%   95.43%  3.93e-05    6.8s
   41     0.2735    0.3718   75.90%   95.17%  3.84e-05    6.8s
   42     0.2691    0.3594   76.07%   95.39%  3.75e-05    6.8s
   43     0.2636    0.3472   77.08%   95.58%  3.66e-05    6.9s
         -> best mIoU: 77.08% [saved]
   44     0.2649    0.3547   76.62%   95.47%  3.57e-05    6.8s
   45     0.2560    0.3579   76.53%   95.36%  3.47e-05    6.7s
   46     0.2574    0.3500   76.70%   95.49%  3.38e-05    6.8s
   47     0.2582    0.3445   77.16%   95.58%  3.29e-05    7.0s
         -> best mIoU: 77.16% [saved]
   48     0.2578    0.3488   76.88%   95.52%  3.19e-05    6.8s
   49     0.2567    0.4530   70.71%   94.68%  3.10e-05    6.9s
   50     0.2530    0.3487   76.90%   95.62%  3.01e-05    6.9s
   51     0.2506    0.3539   76.78%   95.47%  2.91e-05    6.9s
   52     0.2483    0.3429   77.22%   95.68%  2.82e-05    6.8s
         -> best mIoU: 77.22% [saved]
   53     0.2485    0.3540   76.55%   95.53%  2.72e-05    6.8s
   54     0.2497    0.3462   77.03%   95.62%  2.63e-05    6.9s
   55     0.2495    0.3445   77.13%   95.65%  2.54e-05    7.0s
   56     0.2408    0.3505   76.91%   95.60%  2.44e-05    6.9s
   57     0.2440    0.3360   77.50%   95.75%  2.35e-05    6.9s
         -> best mIoU: 77.50% [saved]
   58     0.2419    0.3430   77.35%   95.61%  2.26e-05    6.9s
   59     0.2418    0.3403   77.58%   95.65%  2.17e-05    6.9s
         -> best mIoU: 77.58% [saved]
   60     0.2397    0.3373   77.61%   95.64%  2.08e-05    6.9s
         -> best mIoU: 77.61% [saved]
   61     0.2429    0.3403   77.47%   95.68%  1.99e-05    6.9s
   62     0.2419    0.3420   77.33%   95.63%  1.90e-05    6.9s
   63     0.2387    0.3346   77.61%   95.74%  1.82e-05    6.9s
   64     0.2353    0.3398   77.38%   95.69%  1.73e-05    6.9s
   65     0.2366    0.3356   77.72%   95.71%  1.65e-05    6.9s
         -> best mIoU: 77.72% [saved]
   66     0.2335    0.3390   77.62%   95.65%  1.56e-05    6.9s
   67     0.2356    0.3369   77.49%   95.72%  1.48e-05    6.8s
   68     0.2349    0.3510   76.63%   95.60%  1.40e-05    7.0s
   69     0.2340    0.3397   77.59%   95.69%  1.32e-05    6.9s
   70     0.2285    0.3481   76.98%   95.68%  1.24e-05    6.9s
   71     0.2289    0.3441   77.18%   95.66%  1.17e-05    6.9s
   72     0.2310    0.3412   77.39%   95.73%  1.10e-05    6.9s
   73     0.2288    0.3419   77.30%   95.69%  1.02e-05    6.9s
   74     0.2296    0.3390   77.48%   95.70%  9.55e-06    6.9s
   75     0.2338    0.3417   77.17%   95.69%  8.87e-06    6.8s
   76     0.2292    0.3427   77.38%   95.67%  8.22e-06    6.9s
   77     0.2289    0.3410   77.43%   95.71%  7.58e-06    6.9s
   78     0.2335    0.3384   77.50%   95.71%  6.97e-06    6.9s
   79     0.2271    0.3398   77.51%   95.75%  6.38e-06    6.9s
   80     0.2293    0.3442   77.32%   95.68%  5.82e-06    6.9s
   81     0.2258    0.3426   77.29%   95.69%  5.28e-06    6.9s
   82     0.2267    0.3437   77.32%   95.66%  4.76e-06    7.0s
   83     0.2250    0.3413   77.46%   95.70%  4.27e-06    6.8s
   84     0.2246    0.3401   77.58%   95.70%  3.80e-06    6.8s
   85     0.2236    0.3420   77.41%   95.69%  3.36e-06    6.9s

Early stopping at epoch 85 (patience=20)

=================================================================
Best checkpoint (epoch 65)
=================================================================
  Sky           94.44%
  Building      92.28%
  Pole          16.17%
  Road          97.39%
  Pavement      89.73%
  Tree          92.19%
  SignSymbol    63.46%
  Fence         76.07%
  Car           88.33%
  Pedestrian    61.77%
  Bicyclist     83.04%
  mIoU          77.72%
  Pixel Acc     95.71%
[transformers] You passed `num_labels=11` which is incompatible to the `id2label` map of length `150`.
Loading weights:   0%|          | 0/380 [00:00<?, ?it/s]Loading weights: 100%|██████████| 380/380 [00:00<00:00, 32498.74it/s]
[transformers] [1mSegformerForSemanticSegmentation LOAD REPORT[0m from: nvidia/segformer-b2-finetuned-ade-512-512
Key                           | Status   |                                                                                                      
------------------------------+----------+------------------------------------------------------------------------------------------------------
decode_head.classifier.weight | MISMATCH | Reinit due to size mismatch - ckpt: torch.Size([150, 768, 1, 1]) vs model:torch.Size([11, 768, 1, 1])
decode_head.classifier.bias   | MISMATCH | Reinit due to size mismatch - ckpt: torch.Size([150]) vs model:torch.Size([11])                      

Notes:
- MISMATCH:	ckpt weights were loaded, but they did not match the original empty weight shapes.
  FPS          87.5

History saved to checkpoints/segformer_b2_history.json
