CNN-Trans Fusion v2 | none_add | GPU NVIDIA GeForce RTX 3090
Train: 367 | Val: 101
Warning: You are sending unauthenticated requests to the HF Hub. Please set a HF_TOKEN to enable higher rate limits and faster downloads.
Loading weights:   0%|          | 0/364 [00:00<?, ?it/s]Loading weights: 100%|██████████| 364/364 [00:00<00:00, 33993.74it/s]
[transformers] [1mSegformerModel LOAD REPORT[0m from: nvidia/segformer-b2-finetuned-ade-512-512
Key                                           | Status     |  | 
----------------------------------------------+------------+--+-
decode_head.linear_c.{0, 1, 2, 3}.proj.bias   | UNEXPECTED |  | 
decode_head.batch_norm.running_mean           | UNEXPECTED |  | 
decode_head.batch_norm.running_var            | UNEXPECTED |  | 
decode_head.classifier.weight                 | UNEXPECTED |  | 
decode_head.linear_c.{0, 1, 2, 3}.proj.weight | UNEXPECTED |  | 
decode_head.batch_norm.bias                   | UNEXPECTED |  | 
decode_head.classifier.bias                   | UNEXPECTED |  | 
decode_head.batch_norm.weight                 | UNEXPECTED |  | 
decode_head.linear_fuse.weight                | UNEXPECTED |  | 
decode_head.batch_norm.num_batches_tracked    | UNEXPECTED |  | 

Notes:
- UNEXPECTED:	can be ignored when loading from different task/architecture; not ok if you expect identical arch.
Params: 46.8M (46.8M trainable)

Epoch  TrainLoss  ValLoss    mIoU      PA     LR     Time
-----------------------------------------------------------------
    1     1.9103    1.2765   44.64%   88.68%  6.00e-05   11.8s
         -> best mIoU: 44.64% [saved]
    2     1.2104    1.0755   56.19%   91.54%  5.99e-05    7.7s
         -> best mIoU: 56.19% [saved]
    3     1.0437    0.9747   60.66%   91.97%  5.99e-05    7.8s
         -> best mIoU: 60.66% [saved]
    4     0.9493    0.8480   64.88%   93.51%  5.98e-05    7.8s
         -> best mIoU: 64.88% [saved]
    5     0.8602    0.7673   69.16%   94.21%  5.96e-05    7.9s
         -> best mIoU: 69.16% [saved]
    6     0.7826    0.6964   70.84%   94.62%  5.95e-05    7.9s
         -> best mIoU: 70.84% [saved]
    7     0.7305    0.6529   71.85%   94.87%  5.93e-05    7.9s
         -> best mIoU: 71.85% [saved]
    8     0.6742    0.6484   71.88%   94.61%  5.91e-05    7.6s
         -> best mIoU: 71.88% [saved]
    9     0.6377    0.6124   72.32%   94.59%  5.88e-05    7.7s
         -> best mIoU: 72.32% [saved]
   10     0.5897    0.5615   73.71%   95.05%  5.85e-05    7.8s
         -> best mIoU: 73.71% [saved]
   11     0.5649    0.5488   74.06%   95.18%  5.82e-05    8.0s
         -> best mIoU: 74.06% [saved]
   12     0.5328    0.5195   75.18%   95.35%  5.79e-05    7.8s
         -> best mIoU: 75.18% [saved]
   13     0.5032    0.5093   74.99%   95.16%  5.75e-05    7.8s
   14     0.4822    0.5115   74.07%   95.20%  5.71e-05    7.8s
   15     0.4589    0.4680   76.24%   95.52%  5.67e-05    7.8s
         -> best mIoU: 76.24% [saved]
   16     0.4392    0.4864   74.54%   95.26%  5.63e-05    7.8s
   17     0.4264    0.4523   76.88%   95.58%  5.58e-05    7.9s
         -> best mIoU: 76.88% [saved]
   18     0.4059    0.4369   77.23%   95.68%  5.53e-05    7.8s
         -> best mIoU: 77.23% [saved]
   19     0.3974    0.4416   76.69%   95.51%  5.48e-05    7.8s
   20     0.3828    0.4309   77.17%   95.62%  5.43e-05    7.8s
   21     0.3738    0.4334   76.27%   95.58%  5.37e-05    7.8s
   22     0.3573    0.4227   77.40%   95.64%  5.31e-05    7.8s
         -> best mIoU: 77.40% [saved]
   23     0.3477    0.4233   76.68%   95.64%  5.25e-05    7.8s
   24     0.3347    0.4136   77.57%   95.77%  5.19e-05    7.8s
         -> best mIoU: 77.57% [saved]
   25     0.3256    0.3954   78.38%   95.86%  5.12e-05    7.7s
         -> best mIoU: 78.38% [saved]
   26     0.3186    0.3965   78.00%   95.88%  5.06e-05    7.9s
   27     0.3114    0.3975   77.87%   95.80%  4.99e-05    7.7s
   28     0.3072    0.4020   77.64%   95.78%  4.91e-05    7.7s
   29     0.2970    0.3971   77.90%   95.77%  4.84e-05    7.8s
   30     0.2966    0.3974   77.58%   95.83%  4.77e-05    7.9s
   31     0.2928    0.3836   78.37%   95.91%  4.69e-05    7.8s
   32     0.2867    0.3841   78.57%   95.80%  4.61e-05    8.0s
         -> best mIoU: 78.57% [saved]
   33     0.2785    0.3890   78.11%   95.86%  4.53e-05    7.9s
   34     0.2703    0.4042   77.44%   95.72%  4.45e-05    7.8s
   35     0.2693    0.4057   76.41%   95.71%  4.36e-05    7.7s
   36     0.2663    0.3866   78.48%   95.82%  4.28e-05    7.7s
   37     0.2616    0.3721   78.93%   95.95%  4.19e-05    7.7s
         -> best mIoU: 78.93% [saved]
   38     0.2568    0.3874   78.25%   95.83%  4.11e-05    7.9s
   39     0.2597    0.3924   77.87%   95.88%  4.02e-05    7.8s
   40     0.2461    0.3690   79.12%   96.06%  3.93e-05    7.8s
         -> best mIoU: 79.12% [saved]
   41     0.2464    0.3813   78.10%   96.03%  3.84e-05    7.8s
   42     0.2452    0.3807   78.73%   95.90%  3.75e-05    7.9s
   43     0.2437    0.3748   79.05%   95.93%  3.66e-05    7.9s
   44     0.2474    0.3856   78.07%   95.98%  3.57e-05    7.8s
   45     0.2348    0.3831   78.36%   95.92%  3.47e-05    7.8s
   46     0.2309    0.3719   78.91%   95.97%  3.38e-05    7.8s
   47     0.2299    0.3731   78.65%   95.93%  3.29e-05    7.9s
   48     0.2252    0.3727   78.73%   96.03%  3.19e-05    8.0s
   49     0.2279    0.3709   78.80%   96.10%  3.10e-05    7.9s
   50     0.2261    0.3684   79.30%   96.01%  3.01e-05    7.8s
         -> best mIoU: 79.30% [saved]
   51     0.2250    0.3694   78.80%   96.03%  2.91e-05    7.8s
   52     0.2216    0.3579   79.53%   96.09%  2.82e-05    7.8s
         -> best mIoU: 79.53% [saved]
   53     0.2194    0.3704   78.75%   96.02%  2.72e-05    7.8s
   54     0.2198    0.3694   79.08%   95.95%  2.63e-05    8.1s
   55     0.2150    0.3598   79.64%   96.10%  2.54e-05    7.9s
         -> best mIoU: 79.64% [saved]
   56     0.2111    0.3650   79.34%   96.10%  2.44e-05    7.8s
   57     0.2078    0.3704   79.04%   96.04%  2.35e-05    7.9s
   58     0.2111    0.3703   79.27%   96.03%  2.26e-05    7.9s
   59     0.2073    0.3710   79.03%   96.07%  2.17e-05    7.9s
   60     0.2047    0.3715   79.05%   96.02%  2.08e-05    7.9s
   61     0.2059    0.3689   79.17%   96.06%  1.99e-05    7.8s
   62     0.2037    0.3700   79.08%   96.08%  1.90e-05    7.8s
   63     0.2012    0.3655   79.40%   96.08%  1.82e-05    7.8s
   64     0.2001    0.3700   79.10%   96.09%  1.73e-05    7.9s
   65     0.2010    0.3649   79.30%   96.11%  1.65e-05    7.8s
   66     0.1992    0.3652   79.41%   96.10%  1.56e-05    7.8s
   67     0.1998    0.3634   79.58%   96.08%  1.48e-05    7.9s
   68     0.1980    0.3767   78.87%   95.97%  1.40e-05    7.9s
   69     0.1968    0.3649   79.38%   96.13%  1.32e-05    7.9s
   70     0.1970    0.3646   79.53%   96.14%  1.24e-05    7.9s
   71     0.1970    0.3651   79.41%   96.12%  1.17e-05    7.8s
   72     0.1923    0.3633   79.58%   96.14%  1.10e-05    7.9s
   73     0.1889    0.3605   79.76%   96.13%  1.02e-05    7.8s
         -> best mIoU: 79.76% [saved]
   74     0.1904    0.3625   79.47%   96.15%  9.55e-06    7.9s
   75     0.1887    0.3676   79.21%   96.14%  8.87e-06    7.8s
   76     0.1928    0.3611   79.68%   96.14%  8.22e-06    8.1s
   77     0.1897    0.3678   79.41%   96.10%  7.58e-06    7.9s
   78     0.1952    0.3657   79.53%   96.13%  6.97e-06    7.9s
   79     0.1881    0.3662   79.54%   96.11%  6.38e-06    7.8s
   80     0.1896    0.3628   79.66%   96.16%  5.82e-06    7.9s
   81     0.1914    0.3688   79.25%   96.10%  5.28e-06    7.8s
   82     0.1890    0.3672   79.47%   96.12%  4.76e-06    7.9s
   83     0.1858    0.3692   79.31%   96.09%  4.27e-06    7.9s
   84     0.1863    0.3662   79.53%   96.10%  3.80e-06    7.9s
   85     0.1866    0.3677   79.39%   96.12%  3.36e-06    7.9s
   86     0.1874    0.3677   79.44%   96.12%  2.95e-06    7.9s
   87     0.1864    0.3653   79.45%   96.12%  2.56e-06    7.9s
   88     0.1853    0.3679   79.42%   96.09%  2.20e-06    7.8s
   89     0.1846    0.3666   79.48%   96.10%  1.87e-06    7.9s
   90     0.1863    0.3677   79.45%   96.11%  1.57e-06    7.9s
   91     0.1881    0.3662   79.62%   96.12%  1.29e-06    7.9s
   92     0.1858    0.3665   79.57%   96.11%  1.04e-06    7.8s
   93     0.1883    0.3672   79.47%   96.12%  8.21e-07    7.9s

Early stopping at epoch 93

=================================================================
Best: fusion_v2_none_add (epoch 73)
=================================================================
  Sky           94.28%
  Building      92.85%
  Pole          20.77%
  Road          97.85%
  Pavement      90.77%
  Tree          92.87%
  SignSymbol    67.57%
  Fence         76.80%
  Car           89.54%
  Pedestrian    68.39%
  Bicyclist     85.70%
  mIoU          79.76%
  PA            96.13%
  FPS          64.4
  Params       46.8M

Done.
